#
# There is insufficient memory for the Java Runtime Environment to continue.
# Native memory allocation (malloc) failed to allocate 1478576 bytes. Error detail: Chunk::new
# Possible reasons:
#   The system is out of physical RAM or swap space
#   This process is running with CompressedOops enabled, and the Java Heap may be blocking the growth of the native heap
# Possible solutions:
#   Reduce memory load on the system
#   Increase physical memory or swap space
#   Check if swap backing store is full
#   Decrease Java heap size (-Xmx/-Xms)
#   Decrease number of Java threads
#   Decrease Java thread stack sizes (-Xss)
#   Set larger code cache with -XX:ReservedCodeCacheSize=
#   JVM is running with Unscaled Compressed Oops mode in which the Java heap is
#     placed in the first 4GB address space. The Java Heap base address is the
#     maximum limit for the native heap growth. Please use -XX:HeapBaseMinAddress
#     to set the Java Heap base and to place the Java Heap above 4GB virtual address.
# This output file may be truncated or incomplete.
#
#  Out of Memory Error (arena.cpp:168), pid=10180, tid=12044
#
# JRE version: OpenJDK Runtime Environment Temurin-21.0.8+9 (21.0.8+9) (build 21.0.8+9-LTS)
# Java VM: OpenJDK 64-Bit Server VM Temurin-21.0.8+9 (21.0.8+9-LTS, mixed mode, sharing, tiered, compressed oops, compressed class ptrs, parallel gc, windows-amd64)
# No core dump will be written. Minidumps are not enabled by default on client versions of Windows
#

---------------  S U M M A R Y ------------

Command Line: --add-modules=ALL-SYSTEM --add-opens=java.base/java.util=ALL-UNNAMED --add-opens=java.base/java.lang=ALL-UNNAMED --add-opens=java.base/sun.nio.fs=ALL-UNNAMED -Declipse.application=org.eclipse.jdt.ls.core.id1 -Dosgi.bundles.defaultStartLevel=4 -Declipse.product=org.eclipse.jdt.ls.core.product -Djava.import.generatesMetadataFilesAtProjectRoot=false -DDetectVMInstallationsJob.disabled=true -Dfile.encoding=utf8 -XX:+UseParallelGC -XX:GCTimeRatio=4 -XX:AdaptiveSizePolicyWeight=90 -Dsun.zip.disableMemoryMapping=true -Xmx2G -Xms100m -Xlog:disable -javaagent:c:\Users\JABE\.vscode\extensions\redhat.java-1.47.0-win32-x64\lombok\lombok-1.18.39-4050.jar c:\Users\JABE\.vscode\extensions\redhat.java-1.47.0-win32-x64\server\plugins\org.eclipse.equinox.launcher_1.7.100.v20251014-1222.jar -configuration c:\Users\JABE\AppData\Roaming\Code\User\globalStorage\redhat.java\1.47.0\config_ss_win -data c:\Users\JABE\AppData\Roaming\Code\User\workspaceStorage\4d6d6e7dc62ecfebf0a9fd2525d62637\redhat.java\ss_ws --pipe=\\.\pipe\lsp-f356c8cd9a9e780c31b7449be5acccba-sock

Host: 12th Gen Intel(R) Core(TM) i3-1215U, 8 cores, 7G,  Windows 11 , 64 bit Build 26100 (10.0.26100.7019)
Time: Sat Nov 15 02:39:23 2025 Malay Peninsula Standard Time elapsed time: 33.435476 seconds (0d 0h 0m 33s)

---------------  T H R E A D  ---------------

Current thread (0x0000019bc9f39ba0):  JavaThread "C2 CompilerThread0" daemon [_thread_in_native, id=12044, stack(0x0000004eac700000,0x0000004eac800000) (1024K)]


Current CompileTask:
C2:33435 3206       4       java.lang.invoke.MethodType::makeImpl (109 bytes)

Stack: [0x0000004eac700000,0x0000004eac800000]
Native frames: (J=compiled Java code, j=interpreted, Vv=VM code, C=native code)
V  [jvm.dll+0x6d2449]
V  [jvm.dll+0x8ae341]
V  [jvm.dll+0x8b08be]
V  [jvm.dll+0x8b0fa3]
V  [jvm.dll+0x280c96]
V  [jvm.dll+0xc581d]
V  [jvm.dll+0xc5d53]
V  [jvm.dll+0x3b9162]
V  [jvm.dll+0x385315]
V  [jvm.dll+0x38477a]
V  [jvm.dll+0x248ed0]
V  [jvm.dll+0x2484af]
V  [jvm.dll+0x1c89ee]
V  [jvm.dll+0x257d4d]
V  [jvm.dll+0x2562ea]
V  [jvm.dll+0x3f2d16]
V  [jvm.dll+0x857e6b]
V  [jvm.dll+0x6d0b0d]
C  [ucrtbase.dll+0x37b0]
C  [KERNEL32.DLL+0x2e8d7]
C  [ntdll.dll+0x8c53c]


---------------  P R O C E S S  ---------------

Threads class SMR info:
_java_thread_list=0x0000019be7568b10, length=31, elements={
0x0000019bc9fba530, 0x0000019bc9f2ead0, 0x0000019bc9f310a0, 0x0000019bc9f33ab0,
0x0000019bc9f34700, 0x0000019bc9f383d0, 0x0000019bc9f38e20, 0x0000019bc9f39ba0,
0x0000019bc9f6c4d0, 0x0000019be22ab080, 0x0000019be25a13a0, 0x0000019be2d019c0,
0x0000019be701e910, 0x0000019be701ef70, 0x0000019be262f810, 0x0000019be2351710,
0x0000019be2bd9830, 0x0000019be24e2d30, 0x0000019be8f96600, 0x0000019be8f93810,
0x0000019be8f94bc0, 0x0000019be8f95250, 0x0000019be8f958e0, 0x0000019be8f96c90,
0x0000019be8f95f70, 0x0000019be8f93ea0, 0x0000019be8f94530, 0x0000019be2920850,
0x0000019be29201c0, 0x0000019be291fb30, 0x0000019be2920ee0
}

Java Threads: ( => current thread )
  0x0000019bc9fba530 JavaThread "main"                              [_thread_blocked, id=16156, stack(0x0000004eabd00000,0x0000004eabe00000) (1024K)]
  0x0000019bc9f2ead0 JavaThread "Reference Handler"          daemon [_thread_blocked, id=7264, stack(0x0000004eac100000,0x0000004eac200000) (1024K)]
  0x0000019bc9f310a0 JavaThread "Finalizer"                  daemon [_thread_blocked, id=22808, stack(0x0000004eac200000,0x0000004eac300000) (1024K)]
  0x0000019bc9f33ab0 JavaThread "Signal Dispatcher"          daemon [_thread_blocked, id=7072, stack(0x0000004eac300000,0x0000004eac400000) (1024K)]
  0x0000019bc9f34700 JavaThread "Attach Listener"            daemon [_thread_blocked, id=14476, stack(0x0000004eac400000,0x0000004eac500000) (1024K)]
  0x0000019bc9f383d0 JavaThread "Service Thread"             daemon [_thread_blocked, id=11256, stack(0x0000004eac500000,0x0000004eac600000) (1024K)]
  0x0000019bc9f38e20 JavaThread "Monitor Deflation Thread"   daemon [_thread_blocked, id=12264, stack(0x0000004eac600000,0x0000004eac700000) (1024K)]
=>0x0000019bc9f39ba0 JavaThread "C2 CompilerThread0"         daemon [_thread_in_native, id=12044, stack(0x0000004eac700000,0x0000004eac800000) (1024K)]
  0x0000019bc9f6c4d0 JavaThread "C1 CompilerThread0"         daemon [_thread_blocked, id=12980, stack(0x0000004eac800000,0x0000004eac900000) (1024K)]
  0x0000019be22ab080 JavaThread "Common-Cleaner"             daemon [_thread_blocked, id=14240, stack(0x0000004eac900000,0x0000004eaca00000) (1024K)]
  0x0000019be25a13a0 JavaThread "Notification Thread"        daemon [_thread_blocked, id=18068, stack(0x0000004eaca00000,0x0000004eacb00000) (1024K)]
  0x0000019be2d019c0 JavaThread "Active Thread: Equinox Container: 8d31c9fb-a200-45be-8b0f-a10677d96b3b"        [_thread_blocked, id=18372, stack(0x0000004eacb00000,0x0000004eacc00000) (1024K)]
  0x0000019be701e910 JavaThread "Framework Event Dispatcher: Equinox Container: 8d31c9fb-a200-45be-8b0f-a10677d96b3b" daemon [_thread_blocked, id=4408, stack(0x0000004ead200000,0x0000004ead300000) (1024K)]
  0x0000019be701ef70 JavaThread "Start Level: Equinox Container: 8d31c9fb-a200-45be-8b0f-a10677d96b3b" daemon [_thread_blocked, id=18424, stack(0x0000004ead300000,0x0000004ead400000) (1024K)]
  0x0000019be262f810 JavaThread "SCR Component Actor"        daemon [_thread_blocked, id=5400, stack(0x0000004ead500000,0x0000004ead600000) (1024K)]
  0x0000019be2351710 JavaThread "Worker-JM"                         [_thread_blocked, id=21156, stack(0x0000004ead600000,0x0000004ead700000) (1024K)]
  0x0000019be2bd9830 JavaThread "Worker-0"                          [_thread_blocked, id=3304, stack(0x0000004ead800000,0x0000004ead900000) (1024K)]
  0x0000019be24e2d30 JavaThread "Worker-1"                          [_thread_blocked, id=4860, stack(0x0000004ead900000,0x0000004eada00000) (1024K)]
  0x0000019be8f96600 JavaThread "JNA Cleaner"                daemon [_thread_blocked, id=17468, stack(0x0000004eada00000,0x0000004eadb00000) (1024K)]
  0x0000019be8f93810 JavaThread "Thread-1"                   daemon [_thread_in_native, id=9212, stack(0x0000004eadd00000,0x0000004eade00000) (1024K)]
  0x0000019be8f94bc0 JavaThread "Thread-2"                   daemon [_thread_in_native, id=5036, stack(0x0000004eade00000,0x0000004eadf00000) (1024K)]
  0x0000019be8f95250 JavaThread "Thread-3"                   daemon [_thread_in_native, id=7464, stack(0x0000004eadf00000,0x0000004eae000000) (1024K)]
  0x0000019be8f958e0 JavaThread "Thread-4"                   daemon [_thread_in_native, id=632, stack(0x0000004eae000000,0x0000004eae100000) (1024K)]
  0x0000019be8f96c90 JavaThread "Thread-5"                   daemon [_thread_in_native, id=19984, stack(0x0000004eae100000,0x0000004eae200000) (1024K)]
  0x0000019be8f95f70 JavaThread "Thread-6"                   daemon [_thread_in_native, id=6448, stack(0x0000004eae200000,0x0000004eae300000) (1024K)]
  0x0000019be8f93ea0 JavaThread "Thread-7"                   daemon [_thread_in_native, id=10612, stack(0x0000004eae300000,0x0000004eae400000) (1024K)]
  0x0000019be8f94530 JavaThread "Thread-8"                   daemon [_thread_in_native, id=10300, stack(0x0000004eae400000,0x0000004eae500000) (1024K)]
  0x0000019be2920850 JavaThread "Thread-9"                   daemon [_thread_in_native, id=16336, stack(0x0000004eae500000,0x0000004eae600000) (1024K)]
  0x0000019be29201c0 JavaThread "pool-2-thread-1"                   [_thread_blocked, id=10192, stack(0x0000004eae600000,0x0000004eae700000) (1024K)]
  0x0000019be291fb30 JavaThread "WorkspaceEventsHandler"            [_thread_blocked, id=15096, stack(0x0000004eae700000,0x0000004eae800000) (1024K)]
  0x0000019be2920ee0 JavaThread "pool-1-thread-1"                   [_thread_in_Java, id=360, stack(0x0000004eae800000,0x0000004eae900000) (1024K)]
Total: 31

Other Threads:
  0x0000019bc9f10570 VMThread "VM Thread"                           [id=13568, stack(0x0000004eac000000,0x0000004eac100000) (1024K)]
  0x0000019bc9e4ca00 WatcherThread "VM Periodic Task Thread"        [id=13336, stack(0x0000004eabf00000,0x0000004eac000000) (1024K)]
  0x0000019bc9fd97e0 WorkerThread "GC Thread#0"                     [id=21392, stack(0x0000004eabe00000,0x0000004eabf00000) (1024K)]
  0x0000019be26d6da0 WorkerThread "GC Thread#1"                     [id=21516, stack(0x0000004eacc00000,0x0000004eacd00000) (1024K)]
  0x0000019be2cf2880 WorkerThread "GC Thread#2"                     [id=10140, stack(0x0000004eacd00000,0x0000004eace00000) (1024K)]
  0x0000019be2cf2c20 WorkerThread "GC Thread#3"                     [id=7548, stack(0x0000004eace00000,0x0000004eacf00000) (1024K)]
  0x0000019be25b1260 WorkerThread "GC Thread#4"                     [id=15520, stack(0x0000004eacf00000,0x0000004ead000000) (1024K)]
  0x0000019be25b1600 WorkerThread "GC Thread#5"                     [id=19404, stack(0x0000004ead000000,0x0000004ead100000) (1024K)]
  0x0000019be25b19a0 WorkerThread "GC Thread#6"                     [id=11416, stack(0x0000004ead100000,0x0000004ead200000) (1024K)]
  0x0000019be2208460 WorkerThread "GC Thread#7"                     [id=11496, stack(0x0000004ead400000,0x0000004ead500000) (1024K)]
Total: 10

Threads with active compile tasks:
C2 CompilerThread0  33462 3206       4       java.lang.invoke.MethodType::makeImpl (109 bytes)
Total: 1

VM state: not at safepoint (normal execution)

VM Mutex/Monitor currently owned by a thread: None

Heap address: 0x0000000080000000, size: 2048 MB, Compressed Oops mode: 32-bit

CDS archive(s) mapped at: [0x0000019b80000000-0x0000019b80ba0000-0x0000019b80ba0000), size 12189696, SharedBaseAddress: 0x0000019b80000000, ArchiveRelocationMode: 1.
Compressed class space mapped at: 0x0000019b81000000-0x0000019bc1000000, reserved size: 1073741824
Narrow klass base: 0x0000019b80000000, Narrow klass shift: 0, Narrow klass range: 0x100000000

GC Precious Log:
 CardTable entry size: 512
 CPUs: 8 total, 8 available
 Memory: 7916M
 Large Page Support: Disabled
 NUMA Support: Disabled
 Compressed Oops: Enabled (32-bit)
 Alignments: Space 512K, Generation 512K, Heap 2M
 Heap Min Capacity: 100M
 Heap Initial Capacity: 100M
 Heap Max Capacity: 2G
 Pre-touch: Disabled
 Parallel Workers: 8

Heap:
 PSYoungGen      total 26112K, used 23770K [0x00000000d5580000, 0x00000000d7480000, 0x0000000100000000)
  eden space 23552K, 91% used [0x00000000d5580000,0x00000000d6a81390,0x00000000d6c80000)
  from space 2560K, 88% used [0x00000000d6d00000,0x00000000d6f35768,0x00000000d6f80000)
  to   space 4096K, 0% used [0x00000000d7080000,0x00000000d7080000,0x00000000d7480000)
 ParOldGen       total 68608K, used 10072K [0x0000000080000000, 0x0000000084300000, 0x00000000d5580000)
  object space 68608K, 14% used [0x0000000080000000,0x00000000809d60f0,0x0000000084300000)
 Metaspace       used 28140K, committed 28928K, reserved 1114112K
  class space    used 2810K, committed 3136K, reserved 1048576K

Card table byte_map: [0x0000019bc9960000,0x0000019bc9d70000] _byte_map_base: 0x0000019bc9560000

Marking Bits: (ParMarkBitMap*) 0x00007ff965d4a340
 Begin Bits: [0x0000019bdc460000, 0x0000019bde460000)
 End Bits:   [0x0000019bde460000, 0x0000019be0460000)

Polling page: 0x0000019bc95e0000

Metaspace:

Usage:
  Non-class:     24.74 MB used.
      Class:      2.74 MB used.
       Both:     27.48 MB used.

Virtual space:
  Non-class space:       64.00 MB reserved,      25.19 MB ( 39%) committed,  1 nodes.
      Class space:        1.00 GB reserved,       3.06 MB ( <1%) committed,  1 nodes.
             Both:        1.06 GB reserved,      28.25 MB (  3%) committed. 

Chunk freelists:
   Non-Class:  6.41 MB
       Class:  12.97 MB
        Both:  19.38 MB

MaxMetaspaceSize: unlimited
CompressedClassSpaceSize: 1.00 GB
Initial GC threshold: 21.00 MB
Current GC threshold: 35.00 MB
CDS: on
 - commit_granule_bytes: 65536.
 - commit_granule_words: 8192.
 - virtual_space_node_default_size: 8388608.
 - enlarge_chunks_in_place: 1.
 - use_allocation_guard: 0.


Internal statistics:

num_allocs_failed_limit: 3.
num_arena_births: 548.
num_arena_deaths: 14.
num_vsnodes_births: 2.
num_vsnodes_deaths: 0.
num_space_committed: 452.
num_space_uncommitted: 0.
num_chunks_returned_to_freelist: 17.
num_chunks_taken_from_freelist: 1584.
num_chunk_merges: 9.
num_chunk_splits: 1049.
num_chunks_enlarged: 693.
num_inconsistent_stats: 0.

CodeHeap 'non-profiled nmethods': size=120000Kb used=1671Kb max_used=1671Kb free=118328Kb
 bounds [0x0000019bd4c80000, 0x0000019bd4ef0000, 0x0000019bdc1b0000]
CodeHeap 'profiled nmethods': size=120000Kb used=6862Kb max_used=6862Kb free=113137Kb
 bounds [0x0000019bcd1b0000, 0x0000019bcd870000, 0x0000019bd46e0000]
CodeHeap 'non-nmethods': size=5760Kb used=1334Kb max_used=1359Kb free=4425Kb
 bounds [0x0000019bd46e0000, 0x0000019bd4950000, 0x0000019bd4c80000]
CodeCache: size=245760Kb, used=9867Kb, max_used=9892Kb, free=235890Kb
 total_blobs=4106, nmethods=3481, adapters=531, full_count=0
Compilation: enabled, stopped_count=0, restarted_count=0

Compilation events (20 events):
Event: 32.425 Thread 0x0000019bc9f6c4d0 nmethod 3468 0x0000019bcd85b790 code [0x0000019bcd85b9c0, 0x0000019bcd85c028]
Event: 32.425 Thread 0x0000019bc9f6c4d0 3471       3       com.google.gson.stream.JsonReader::nextQuotedValue (296 bytes)
Event: 32.426 Thread 0x0000019be74e35d0 nmethod 3456 0x0000019bd4e20710 code [0x0000019bd4e208c0, 0x0000019bd4e20a58]
Event: 32.426 Thread 0x0000019be74e35d0 3470   !   4       java.lang.invoke.MemberName::getFieldType (176 bytes)
Event: 32.426 Thread 0x0000019bc9f6c4d0 nmethod 3471 0x0000019bcd85c190 code [0x0000019bcd85c4a0, 0x0000019bcd85d378]
Event: 32.426 Thread 0x0000019bc9f6c4d0 3469       3       java.lang.invoke.DirectMethodHandle$Accessor::<init> (24 bytes)
Event: 32.427 Thread 0x0000019bc9f6c4d0 nmethod 3469 0x0000019bcd85da90 code [0x0000019bcd85dc40, 0x0000019bcd85de08]
Event: 32.427 Thread 0x0000019bc9f6c4d0 3472       3       java.lang.invoke.DirectMethodHandle$Holder::invokeStatic (22 bytes)
Event: 32.427 Thread 0x0000019bc9f6c4d0 nmethod 3472 0x0000019bcd85df10 code [0x0000019bcd85e0e0, 0x0000019bcd85e630]
Event: 32.427 Thread 0x0000019bc9f6c4d0 3473       3       java.lang.reflect.Constructor::getParameterCount (6 bytes)
Event: 32.427 Thread 0x0000019bc9f6c4d0 nmethod 3473 0x0000019bcd85e790 code [0x0000019bcd85e920, 0x0000019bcd85ea38]
Event: 32.427 Thread 0x0000019bc9f6c4d0 3474       3       java.lang.reflect.Constructor::setConstructorAccessor (20 bytes)
Event: 32.427 Thread 0x0000019be74e35d0 nmethod 3470 0x0000019bd4e20c10 code [0x0000019bd4e20da0, 0x0000019bd4e20ea0]
Event: 32.427 Thread 0x0000019be74e35d0 3475       4       java.util.Arrays::equals (57 bytes)
Event: 32.427 Thread 0x0000019bc9f6c4d0 nmethod 3474 0x0000019bcd85eb10 code [0x0000019bcd85ecc0, 0x0000019bcd85ef00]
Event: 32.429 Thread 0x0000019be74e35d0 nmethod 3475 0x0000019bd4e20f90 code [0x0000019bd4e21120, 0x0000019bd4e21298]
Event: 32.429 Thread 0x0000019be74e35d0 3463       4       jdk.internal.util.StrongReferenceKey::equals (28 bytes)
Event: 32.430 Thread 0x0000019be74e35d0 nmethod 3463 0x0000019bd4e21410 code [0x0000019bd4e215a0, 0x0000019bd4e216b0]
Event: 32.430 Thread 0x0000019be74e35d0 3432       4       sun.util.locale.LocaleUtils::isAlpha (30 bytes)
Event: 32.430 Thread 0x0000019be74e35d0 nmethod 3432 0x0000019bd4e21810 code [0x0000019bd4e219a0, 0x0000019bd4e21a38]

GC Heap History (16 events):
Event: 3.060 GC heap before
{Heap before GC invocations=1 (full 0):
 PSYoungGen      total 29696K, used 25600K [0x00000000d5580000, 0x00000000d7680000, 0x0000000100000000)
  eden space 25600K, 100% used [0x00000000d5580000,0x00000000d6e80000,0x00000000d6e80000)
  from space 4096K, 0% used [0x00000000d7280000,0x00000000d7280000,0x00000000d7680000)
  to   space 4096K, 0% used [0x00000000d6e80000,0x00000000d6e80000,0x00000000d7280000)
 ParOldGen       total 68608K, used 0K [0x0000000080000000, 0x0000000084300000, 0x00000000d5580000)
  object space 68608K, 0% used [0x0000000080000000,0x0000000080000000,0x0000000084300000)
 Metaspace       used 4357K, committed 4608K, reserved 1114112K
  class space    used 473K, committed 576K, reserved 1048576K
}
Event: 3.077 GC heap after
{Heap after GC invocations=1 (full 0):
 PSYoungGen      total 29696K, used 3303K [0x00000000d5580000, 0x00000000d7680000, 0x0000000100000000)
  eden space 25600K, 0% used [0x00000000d5580000,0x00000000d5580000,0x00000000d6e80000)
  from space 4096K, 80% used [0x00000000d6e80000,0x00000000d71b9e98,0x00000000d7280000)
  to   space 4096K, 0% used [0x00000000d7280000,0x00000000d7280000,0x00000000d7680000)
 ParOldGen       total 68608K, used 0K [0x0000000080000000, 0x0000000084300000, 0x00000000d5580000)
  object space 68608K, 0% used [0x0000000080000000,0x0000000080000000,0x0000000084300000)
 Metaspace       used 4357K, committed 4608K, reserved 1114112K
  class space    used 473K, committed 576K, reserved 1048576K
}
Event: 25.731 GC heap before
{Heap before GC invocations=2 (full 0):
 PSYoungGen      total 29696K, used 28903K [0x00000000d5580000, 0x00000000d7680000, 0x0000000100000000)
  eden space 25600K, 100% used [0x00000000d5580000,0x00000000d6e80000,0x00000000d6e80000)
  from space 4096K, 80% used [0x00000000d6e80000,0x00000000d71b9e98,0x00000000d7280000)
  to   space 4096K, 0% used [0x00000000d7280000,0x00000000d7280000,0x00000000d7680000)
 ParOldGen       total 68608K, used 0K [0x0000000080000000, 0x0000000084300000, 0x00000000d5580000)
  object space 68608K, 0% used [0x0000000080000000,0x0000000080000000,0x0000000084300000)
 Metaspace       used 8204K, committed 8512K, reserved 1114112K
  class space    used 873K, committed 1024K, reserved 1048576K
}
Event: 25.747 GC heap after
{Heap after GC invocations=2 (full 0):
 PSYoungGen      total 29696K, used 4075K [0x00000000d5580000, 0x00000000d7680000, 0x0000000100000000)
  eden space 25600K, 0% used [0x00000000d5580000,0x00000000d5580000,0x00000000d6e80000)
  from space 4096K, 99% used [0x00000000d7280000,0x00000000d767aff8,0x00000000d7680000)
  to   space 4096K, 0% used [0x00000000d6e80000,0x00000000d6e80000,0x00000000d7280000)
 ParOldGen       total 68608K, used 911K [0x0000000080000000, 0x0000000084300000, 0x00000000d5580000)
  object space 68608K, 1% used [0x0000000080000000,0x00000000800e3e98,0x0000000084300000)
 Metaspace       used 8204K, committed 8512K, reserved 1114112K
  class space    used 873K, committed 1024K, reserved 1048576K
}
Event: 27.557 GC heap before
{Heap before GC invocations=3 (full 0):
 PSYoungGen      total 29696K, used 29675K [0x00000000d5580000, 0x00000000d7680000, 0x0000000100000000)
  eden space 25600K, 100% used [0x00000000d5580000,0x00000000d6e80000,0x00000000d6e80000)
  from space 4096K, 99% used [0x00000000d7280000,0x00000000d767aff8,0x00000000d7680000)
  to   space 4096K, 0% used [0x00000000d6e80000,0x00000000d6e80000,0x00000000d7280000)
 ParOldGen       total 68608K, used 911K [0x0000000080000000, 0x0000000084300000, 0x00000000d5580000)
  object space 68608K, 1% used [0x0000000080000000,0x00000000800e3e98,0x0000000084300000)
 Metaspace       used 13021K, committed 13632K, reserved 1114112K
  class space    used 1380K, committed 1664K, reserved 1048576K
}
Event: 27.563 GC heap after
{Heap after GC invocations=3 (full 0):
 PSYoungGen      total 29696K, used 4086K [0x00000000d5580000, 0x00000000d7680000, 0x0000000100000000)
  eden space 25600K, 0% used [0x00000000d5580000,0x00000000d5580000,0x00000000d6e80000)
  from space 4096K, 99% used [0x00000000d6e80000,0x00000000d727d8e8,0x00000000d7280000)
  to   space 4096K, 0% used [0x00000000d7280000,0x00000000d7280000,0x00000000d7680000)
 ParOldGen       total 68608K, used 2645K [0x0000000080000000, 0x0000000084300000, 0x00000000d5580000)
  object space 68608K, 3% used [0x0000000080000000,0x00000000802956f8,0x0000000084300000)
 Metaspace       used 13021K, committed 13632K, reserved 1114112K
  class space    used 1380K, committed 1664K, reserved 1048576K
}
Event: 28.014 GC heap before
{Heap before GC invocations=4 (full 0):
 PSYoungGen      total 29696K, used 29686K [0x00000000d5580000, 0x00000000d7680000, 0x0000000100000000)
  eden space 25600K, 100% used [0x00000000d5580000,0x00000000d6e80000,0x00000000d6e80000)
  from space 4096K, 99% used [0x00000000d6e80000,0x00000000d727d8e8,0x00000000d7280000)
  to   space 4096K, 0% used [0x00000000d7280000,0x00000000d7280000,0x00000000d7680000)
 ParOldGen       total 68608K, used 2645K [0x0000000080000000, 0x0000000084300000, 0x00000000d5580000)
  object space 68608K, 3% used [0x0000000080000000,0x00000000802956f8,0x0000000084300000)
 Metaspace       used 15916K, committed 16576K, reserved 1114112K
  class space    used 1657K, committed 1920K, reserved 1048576K
}
Event: 28.019 GC heap after
{Heap after GC invocations=4 (full 0):
 PSYoungGen      total 29696K, used 4069K [0x00000000d5580000, 0x00000000d7680000, 0x0000000100000000)
  eden space 25600K, 0% used [0x00000000d5580000,0x00000000d5580000,0x00000000d6e80000)
  from space 4096K, 99% used [0x00000000d7280000,0x00000000d76796b0,0x00000000d7680000)
  to   space 4096K, 0% used [0x00000000d6e80000,0x00000000d6e80000,0x00000000d7280000)
 ParOldGen       total 68608K, used 5287K [0x0000000080000000, 0x0000000084300000, 0x00000000d5580000)
  object space 68608K, 7% used [0x0000000080000000,0x0000000080529d38,0x0000000084300000)
 Metaspace       used 15916K, committed 16576K, reserved 1114112K
  class space    used 1657K, committed 1920K, reserved 1048576K
}
Event: 28.402 GC heap before
{Heap before GC invocations=5 (full 0):
 PSYoungGen      total 29696K, used 29474K [0x00000000d5580000, 0x00000000d7680000, 0x0000000100000000)
  eden space 25600K, 99% used [0x00000000d5580000,0x00000000d6e4f298,0x00000000d6e80000)
  from space 4096K, 99% used [0x00000000d7280000,0x00000000d76796b0,0x00000000d7680000)
  to   space 4096K, 0% used [0x00000000d6e80000,0x00000000d6e80000,0x00000000d7280000)
 ParOldGen       total 68608K, used 5287K [0x0000000080000000, 0x0000000084300000, 0x00000000d5580000)
  object space 68608K, 7% used [0x0000000080000000,0x0000000080529d38,0x0000000084300000)
 Metaspace       used 20102K, committed 20736K, reserved 1114112K
  class space    used 1964K, committed 2240K, reserved 1048576K
}
Event: 28.405 GC heap after
{Heap after GC invocations=5 (full 0):
 PSYoungGen      total 29184K, used 4091K [0x00000000d5580000, 0x00000000d7900000, 0x0000000100000000)
  eden space 25088K, 0% used [0x00000000d5580000,0x00000000d5580000,0x00000000d6e00000)
  from space 4096K, 99% used [0x00000000d6e80000,0x00000000d727edc0,0x00000000d7280000)
  to   space 5632K, 0% used [0x00000000d7380000,0x00000000d7380000,0x00000000d7900000)
 ParOldGen       total 68608K, used 5659K [0x0000000080000000, 0x0000000084300000, 0x00000000d5580000)
  object space 68608K, 8% used [0x0000000080000000,0x0000000080586c40,0x0000000084300000)
 Metaspace       used 20102K, committed 20736K, reserved 1114112K
  class space    used 1964K, committed 2240K, reserved 1048576K
}
Event: 28.657 GC heap before
{Heap before GC invocations=6 (full 0):
 PSYoungGen      total 29184K, used 23889K [0x00000000d5580000, 0x00000000d7900000, 0x0000000100000000)
  eden space 25088K, 78% used [0x00000000d5580000,0x00000000d68d59b0,0x00000000d6e00000)
  from space 4096K, 99% used [0x00000000d6e80000,0x00000000d727edc0,0x00000000d7280000)
  to   space 5632K, 0% used [0x00000000d7380000,0x00000000d7380000,0x00000000d7900000)
 ParOldGen       total 68608K, used 5659K [0x0000000080000000, 0x0000000084300000, 0x00000000d5580000)
  object space 68608K, 8% used [0x0000000080000000,0x0000000080586c40,0x0000000084300000)
 Metaspace       used 20921K, committed 21504K, reserved 1114112K
  class space    used 2006K, committed 2304K, reserved 1048576K
}
Event: 28.662 GC heap after
{Heap after GC invocations=6 (full 0):
 PSYoungGen      total 29696K, used 5630K [0x00000000d5580000, 0x00000000d7b00000, 0x0000000100000000)
  eden space 24064K, 0% used [0x00000000d5580000,0x00000000d5580000,0x00000000d6d00000)
  from space 5632K, 99% used [0x00000000d7380000,0x00000000d78ffa28,0x00000000d7900000)
  to   space 6656K, 0% used [0x00000000d6d00000,0x00000000d6d00000,0x00000000d7380000)
 ParOldGen       total 68608K, used 6199K [0x0000000080000000, 0x0000000084300000, 0x00000000d5580000)
  object space 68608K, 9% used [0x0000000080000000,0x000000008060dc70,0x0000000084300000)
 Metaspace       used 20921K, committed 21504K, reserved 1114112K
  class space    used 2006K, committed 2304K, reserved 1048576K
}
Event: 28.662 GC heap before
{Heap before GC invocations=7 (full 1):
 PSYoungGen      total 29696K, used 5630K [0x00000000d5580000, 0x00000000d7b00000, 0x0000000100000000)
  eden space 24064K, 0% used [0x00000000d5580000,0x00000000d5580000,0x00000000d6d00000)
  from space 5632K, 99% used [0x00000000d7380000,0x00000000d78ffa28,0x00000000d7900000)
  to   space 6656K, 0% used [0x00000000d6d00000,0x00000000d6d00000,0x00000000d7380000)
 ParOldGen       total 68608K, used 6199K [0x0000000080000000, 0x0000000084300000, 0x00000000d5580000)
  object space 68608K, 9% used [0x0000000080000000,0x000000008060dc70,0x0000000084300000)
 Metaspace       used 20921K, committed 21504K, reserved 1114112K
  class space    used 2006K, committed 2304K, reserved 1048576K
}
Event: 28.695 GC heap after
{Heap after GC invocations=7 (full 1):
 PSYoungGen      total 29696K, used 0K [0x00000000d5580000, 0x00000000d7b00000, 0x0000000100000000)
  eden space 24064K, 0% used [0x00000000d5580000,0x00000000d5580000,0x00000000d6d00000)
  from space 5632K, 0% used [0x00000000d7380000,0x00000000d7380000,0x00000000d7900000)
  to   space 6656K, 0% used [0x00000000d6d00000,0x00000000d6d00000,0x00000000d7380000)
 ParOldGen       total 68608K, used 10064K [0x0000000080000000, 0x0000000084300000, 0x00000000d5580000)
  object space 68608K, 14% used [0x0000000080000000,0x00000000809d40f0,0x0000000084300000)
 Metaspace       used 20909K, committed 21504K, reserved 1114112K
  class space    used 2002K, committed 2304K, reserved 1048576K
}
Event: 32.105 GC heap before
{Heap before GC invocations=8 (full 1):
 PSYoungGen      total 29696K, used 24064K [0x00000000d5580000, 0x00000000d7b00000, 0x0000000100000000)
  eden space 24064K, 100% used [0x00000000d5580000,0x00000000d6d00000,0x00000000d6d00000)
  from space 5632K, 0% used [0x00000000d7380000,0x00000000d7380000,0x00000000d7900000)
  to   space 6656K, 0% used [0x00000000d6d00000,0x00000000d6d00000,0x00000000d7380000)
 ParOldGen       total 68608K, used 10064K [0x0000000080000000, 0x0000000084300000, 0x00000000d5580000)
  object space 68608K, 14% used [0x0000000080000000,0x00000000809d40f0,0x0000000084300000)
 Metaspace       used 25012K, committed 25728K, reserved 1114112K
  class space    used 2431K, committed 2752K, reserved 1048576K
}
Event: 32.107 GC heap after
{Heap after GC invocations=8 (full 1):
 PSYoungGen      total 26112K, used 2261K [0x00000000d5580000, 0x00000000d7480000, 0x0000000100000000)
  eden space 23552K, 0% used [0x00000000d5580000,0x00000000d5580000,0x00000000d6c80000)
  from space 2560K, 88% used [0x00000000d6d00000,0x00000000d6f35768,0x00000000d6f80000)
  to   space 4096K, 0% used [0x00000000d7080000,0x00000000d7080000,0x00000000d7480000)
 ParOldGen       total 68608K, used 10072K [0x0000000080000000, 0x0000000084300000, 0x00000000d5580000)
  object space 68608K, 14% used [0x0000000080000000,0x00000000809d60f0,0x0000000084300000)
 Metaspace       used 25012K, committed 25728K, reserved 1114112K
  class space    used 2431K, committed 2752K, reserved 1048576K
}

Dll operation events (10 events):
Event: 0.110 Loaded shared library c:\Users\JABE\.vscode\extensions\redhat.java-1.47.0-win32-x64\jre\21.0.8-win32-x86_64\bin\java.dll
Event: 0.392 Loaded shared library c:\Users\JABE\.vscode\extensions\redhat.java-1.47.0-win32-x64\jre\21.0.8-win32-x86_64\bin\zip.dll
Event: 0.434 Loaded shared library C:\Users\JABE\.vscode\extensions\redhat.java-1.47.0-win32-x64\jre\21.0.8-win32-x86_64\bin\instrument.dll
Event: 0.445 Loaded shared library C:\Users\JABE\.vscode\extensions\redhat.java-1.47.0-win32-x64\jre\21.0.8-win32-x86_64\bin\net.dll
Event: 0.455 Loaded shared library C:\Users\JABE\.vscode\extensions\redhat.java-1.47.0-win32-x64\jre\21.0.8-win32-x86_64\bin\nio.dll
Event: 0.462 Loaded shared library C:\Users\JABE\.vscode\extensions\redhat.java-1.47.0-win32-x64\jre\21.0.8-win32-x86_64\bin\zip.dll
Event: 0.548 Loaded shared library C:\Users\JABE\.vscode\extensions\redhat.java-1.47.0-win32-x64\jre\21.0.8-win32-x86_64\bin\jimage.dll
Event: 0.931 Loaded shared library c:\Users\JABE\.vscode\extensions\redhat.java-1.47.0-win32-x64\jre\21.0.8-win32-x86_64\bin\verify.dll
Event: 26.368 Loaded shared library C:\Users\JABE\AppData\Roaming\Code\User\globalStorage\redhat.java\1.47.0\config_ss_win\org.eclipse.equinox.launcher\org.eclipse.equinox.launcher.win32.win32.x86_64_1.2.1400.v20250801-0854\eclipse_11916.dll
Event: 30.983 Loaded shared library C:\Users\JABE\AppData\Local\Temp\jna-2269114\jna6764402403426657596.dll

Deoptimization events (20 events):
Event: 32.275 Thread 0x0000019bc9fba530 Uncommon trap: trap_request=0xffffff45 fr.pc=0x0000019bd4d8f894 relative=0x0000000000000314
Event: 32.275 Thread 0x0000019bc9fba530 Uncommon trap: reason=unstable_if action=reinterpret pc=0x0000019bd4d8f894 method=java.util.regex.Pattern$BmpCharPropertyGreedy.match(Ljava/util/regex/Matcher;ILjava/lang/CharSequence;)Z @ 12 c2
Event: 32.275 Thread 0x0000019bc9fba530 DEOPT PACKING pc=0x0000019bd4d8f894 sp=0x0000004eabdfca10
Event: 32.275 Thread 0x0000019bc9fba530 DEOPT UNPACKING pc=0x0000019bd4733aa2 sp=0x0000004eabdfc9a8 mode 2
Event: 32.316 Thread 0x0000019bc9fba530 Uncommon trap: trap_request=0xffffff45 fr.pc=0x0000019bd4db06a4 relative=0x00000000000000e4
Event: 32.316 Thread 0x0000019bc9fba530 Uncommon trap: reason=unstable_if action=reinterpret pc=0x0000019bd4db06a4 method=java.lang.CharacterDataLatin1.digit(II)I @ 7 c2
Event: 32.316 Thread 0x0000019bc9fba530 DEOPT PACKING pc=0x0000019bd4db06a4 sp=0x0000004eabdfe1f0
Event: 32.316 Thread 0x0000019bc9fba530 DEOPT UNPACKING pc=0x0000019bd4733aa2 sp=0x0000004eabdfe0b0 mode 2
Event: 32.316 Thread 0x0000019bc9fba530 Uncommon trap: trap_request=0xffffff45 fr.pc=0x0000019bd4cbda48 relative=0x00000000000000a8
Event: 32.316 Thread 0x0000019bc9fba530 Uncommon trap: reason=unstable_if action=reinterpret pc=0x0000019bd4cbda48 method=java.lang.CharacterDataLatin1.digit(II)I @ 7 c2
Event: 32.316 Thread 0x0000019bc9fba530 DEOPT PACKING pc=0x0000019bd4cbda48 sp=0x0000004eabdfe150
Event: 32.316 Thread 0x0000019bc9fba530 DEOPT UNPACKING pc=0x0000019bd4733aa2 sp=0x0000004eabdfe0d0 mode 2
Event: 32.319 Thread 0x0000019bc9fba530 Uncommon trap: trap_request=0xffffff76 fr.pc=0x0000019bd4de097c relative=0x000000000000093c
Event: 32.319 Thread 0x0000019bc9fba530 Uncommon trap: reason=predicate action=maybe_recompile pc=0x0000019bd4de097c method=java.util.TreeMap.put(Ljava/lang/Object;Ljava/lang/Object;Z)Ljava/lang/Object; @ 27 c2
Event: 32.319 Thread 0x0000019bc9fba530 DEOPT PACKING pc=0x0000019bd4de097c sp=0x0000004eabdfde60
Event: 32.319 Thread 0x0000019bc9fba530 DEOPT UNPACKING pc=0x0000019bd4733aa2 sp=0x0000004eabdfde00 mode 2
Event: 32.347 Thread 0x0000019bc9fba530 Uncommon trap: trap_request=0xffffff45 fr.pc=0x0000019bd4cb6ec4 relative=0x00000000000002a4
Event: 32.347 Thread 0x0000019bc9fba530 Uncommon trap: reason=unstable_if action=reinterpret pc=0x0000019bd4cb6ec4 method=java.util.HashMap$HashIterator.<init>(Ljava/util/HashMap;)V @ 45 c2
Event: 32.347 Thread 0x0000019bc9fba530 DEOPT PACKING pc=0x0000019bd4cb6ec4 sp=0x0000004eabdfe2e0
Event: 32.347 Thread 0x0000019bc9fba530 DEOPT UNPACKING pc=0x0000019bd4733aa2 sp=0x0000004eabdfe278 mode 2

Classes loaded (20 events):
Event: 32.317 Loading class sun/util/locale/provider/CalendarNameProviderImpl done
Event: 32.317 Loading class sun/util/cldr/CLDRCalendarNameProviderImpl done
Event: 32.319 Loading class sun/util/locale/provider/CalendarNameProviderImpl$LengthBasedComparator
Event: 32.319 Loading class sun/util/locale/provider/CalendarNameProviderImpl$LengthBasedComparator done
Event: 32.344 Loading class java/io/PrintWriter$1
Event: 32.344 Loading class jdk/internal/access/JavaIOPrintWriterAccess
Event: 32.344 Loading class jdk/internal/access/JavaIOPrintWriterAccess done
Event: 32.344 Loading class java/io/PrintWriter$1 done
Event: 32.345 Loading class java/time/format/DateTimeParseContext
Event: 32.345 Loading class java/time/format/DateTimeParseContext done
Event: 32.345 Loading class java/time/format/Parsed
Event: 32.346 Loading class java/time/format/Parsed done
Event: 32.349 Loading class sun/reflect/generics/repository/FieldRepository
Event: 32.349 Loading class sun/reflect/generics/repository/FieldRepository done
Event: 32.358 Loading class jdk/internal/reflect/MethodHandleIntegerFieldAccessorImpl
Event: 32.358 Loading class jdk/internal/reflect/MethodHandleIntegerFieldAccessorImpl done
Event: 32.429 Loading class java/io/InvalidObjectException
Event: 32.429 Loading class java/io/ObjectStreamException
Event: 32.429 Loading class java/io/ObjectStreamException done
Event: 32.429 Loading class java/io/InvalidObjectException done

Classes unloaded (7 events):
Event: 28.668 Thread 0x0000019bc9f10570 Unloading class 0x0000019b81191400 'java/lang/invoke/LambdaForm$MH+0x0000019b81191400'
Event: 28.668 Thread 0x0000019bc9f10570 Unloading class 0x0000019b81191000 'java/lang/invoke/LambdaForm$MH+0x0000019b81191000'
Event: 28.668 Thread 0x0000019bc9f10570 Unloading class 0x0000019b81190c00 'java/lang/invoke/LambdaForm$MH+0x0000019b81190c00'
Event: 28.668 Thread 0x0000019bc9f10570 Unloading class 0x0000019b81190800 'java/lang/invoke/LambdaForm$MH+0x0000019b81190800'
Event: 28.668 Thread 0x0000019bc9f10570 Unloading class 0x0000019b81190400 'java/lang/invoke/LambdaForm$BMH+0x0000019b81190400'
Event: 28.668 Thread 0x0000019bc9f10570 Unloading class 0x0000019b81190000 'java/lang/invoke/LambdaForm$DMH+0x0000019b81190000'
Event: 28.668 Thread 0x0000019bc9f10570 Unloading class 0x0000019b8118ec00 'java/lang/invoke/LambdaForm$DMH+0x0000019b8118ec00'

Classes redefined (0 events):
No events

Internal exceptions (20 events):
Event: 31.021 Thread 0x0000019be701ef70 Exception <a 'java/io/FileNotFoundException'{0x00000000d68e66c8}> (0x00000000d68e66c8) 
thrown [s\src\hotspot\share\prims\jni.cpp, line 520]
Event: 31.037 Thread 0x0000019be701ef70 Exception <a 'java/lang/NoSuchMethodError'{0x00000000d697c870}: 'void java.lang.invoke.DirectMethodHandle$Holder.invokeSpecial(java.lang.Object, java.lang.Object, java.lang.Object, int)'> (0x00000000d697c870) 
thrown [s\src\hotspot\share\interpreter\linkResolver.cpp, line 773]
Event: 31.037 Thread 0x0000019be701ef70 Exception <a 'java/lang/NoSuchMethodError'{0x00000000d697ff50}: 'void java.lang.invoke.DelegatingMethodHandle$Holder.reinvoke_L(java.lang.Object, java.lang.Object, int)'> (0x00000000d697ff50) 
thrown [s\src\hotspot\share\interpreter\linkResolver.cpp, line 773]
Event: 32.055 Thread 0x0000019be701ef70 Exception <a 'java/lang/NoSuchMethodError'{0x00000000d6986988}: 'int java.lang.invoke.Invokers$Holder.invokeExact_MT(java.lang.Object, java.lang.Object, java.lang.Object)'> (0x00000000d6986988) 
thrown [s\src\hotspot\share\interpreter\linkResolver.cpp, line 773]
Event: 32.057 Thread 0x0000019be701ef70 Exception <a 'java/lang/UnsatisfiedLinkError'{0x00000000d699a9c8}: The specified procedure could not be found.
> (0x00000000d699a9c8) 
thrown [s\src\hotspot\share\prims\jni.cpp, line 539]
Event: 32.071 Thread 0x0000019be701ef70 Exception <a 'java/lang/NoSuchMethodError'{0x00000000d69a6bf8}: 'void java.lang.invoke.Invokers$Holder.invokeExact_MT(java.lang.Object, java.lang.Object, int, java.lang.Object)'> (0x00000000d69a6bf8) 
thrown [s\src\hotspot\share\interpreter\linkResolver.cpp, line 773]
Event: 32.111 Thread 0x0000019bc9fba530 Exception <a 'java/lang/NoSuchMethodError'{0x00000000d55ecde8}: 'java.lang.Object java.lang.invoke.DirectMethodHandle$Holder.invokeStatic(java.lang.Object, long, java.lang.Object)'> (0x00000000d55ecde8) 
thrown [s\src\hotspot\share\interpreter\linkResolver.cpp, line 773]
Event: 32.111 Thread 0x0000019bc9fba530 Exception <a 'java/lang/NoSuchMethodError'{0x00000000d55f0480}: 'java.lang.Object java.lang.invoke.DirectMethodHandle$Holder.invokeStaticInit(java.lang.Object, long, java.lang.Object)'> (0x00000000d55f0480) 
thrown [s\src\hotspot\share\interpreter\linkResolver.cpp, line 773]
Event: 32.111 Thread 0x0000019bc9fba530 Exception <a 'java/lang/NoSuchMethodError'{0x00000000d55f5c40}: 'java.lang.Object java.lang.invoke.DirectMethodHandle$Holder.newInvokeSpecial(java.lang.Object, long)'> (0x00000000d55f5c40) 
thrown [s\src\hotspot\share\interpreter\linkResolver.cpp, line 773]
Event: 32.143 Thread 0x0000019be2bd9830 Exception <a 'java/io/FileNotFoundException'{0x00000000d583d8b0}> (0x00000000d583d8b0) 
thrown [s\src\hotspot\share\prims\jni.cpp, line 520]
Event: 32.143 Thread 0x0000019be2bd9830 Exception <a 'java/io/FileNotFoundException'{0x00000000d583eb20}> (0x00000000d583eb20) 
thrown [s\src\hotspot\share\prims\jni.cpp, line 520]
Event: 32.145 Thread 0x0000019be2bd9830 Exception <a 'java/lang/NoSuchMethodError'{0x00000000d584ce58}: 'java.lang.Object java.lang.invoke.DirectMethodHandle$Holder.newInvokeSpecial(java.lang.Object, java.lang.Object, java.lang.Object, int)'> (0x00000000d584ce58) 
thrown [s\src\hotspot\share\interpreter\linkResolver.cpp, line 773]
Event: 32.146 Thread 0x0000019be2bd9830 Exception <a 'java/lang/NoSuchMethodError'{0x00000000d5850b10}: 'java.lang.Object java.lang.invoke.DirectMethodHandle$Holder.invokeSpecial(java.lang.Object, java.lang.Object, java.lang.Object, java.lang.Object, int)'> (0x00000000d5850b10) 
thrown [s\src\hotspot\share\interpreter\linkResolver.cpp, line 773]
Event: 32.146 Thread 0x0000019be2bd9830 Exception <a 'java/lang/NoSuchMethodError'{0x00000000d5853fb8}: 'java.lang.Object java.lang.invoke.Invokers$Holder.linkToTargetMethod(java.lang.Object, java.lang.Object, int, java.lang.Object)'> (0x00000000d5853fb8) 
thrown [s\src\hotspot\share\interpreter\linkResolver.cpp, line 773]
Event: 32.148 Thread 0x0000019be2bd9830 Exception <a 'java/lang/NoSuchMethodError'{0x00000000d585fb08}: 'void java.lang.invoke.DirectMethodHandle$Holder.invokeStaticInit(java.lang.Object, java.lang.Object, java.lang.Object)'> (0x00000000d585fb08) 
thrown [s\src\hotspot\share\interpreter\linkResolver.cpp, line 773]
Event: 32.154 Thread 0x0000019be2bd9830 Exception <a 'java/io/FileNotFoundException'{0x00000000d587ff70}> (0x00000000d587ff70) 
thrown [s\src\hotspot\share\prims\jni.cpp, line 520]
Event: 32.154 Thread 0x0000019be2bd9830 Exception <a 'java/io/FileNotFoundException'{0x00000000d5880cb8}> (0x00000000d5880cb8) 
thrown [s\src\hotspot\share\prims\jni.cpp, line 520]
Event: 32.295 Thread 0x0000019bc9fba530 Exception <a 'java/lang/NoSuchMethodError'{0x00000000d62f6990}: 'void java.lang.invoke.DirectMethodHandle$Holder.invokeSpecial(java.lang.Object, java.lang.Object, java.lang.Object, java.lang.Object, java.lang.Object, java.lang.Object)'> (0x00000000d62f6990) 
thrown [s\src\hotspot\share\interpreter\linkResolver.cpp, line 773]
Event: 32.296 Thread 0x0000019bc9fba530 Exception <a 'java/lang/IncompatibleClassChangeError'{0x00000000d62fec70}: Found class java.lang.Object, but interface was expected> (0x00000000d62fec70) 
thrown [s\src\hotspot\share\interpreter\linkResolver.cpp, line 840]
Event: 32.296 Thread 0x0000019bc9fba530 Exception <a 'java/lang/IncompatibleClassChangeError'{0x00000000d6300b70}: Found class java.lang.Object, but interface was expected> (0x00000000d6300b70) 
thrown [s\src\hotspot\share\interpreter\linkResolver.cpp, line 840]

ZGC Phase Switch (0 events):
No events

VM Operations (20 events):
Event: 28.405 Executing VM operation: ParallelGCFailedAllocation (Allocation Failure) done
Event: 28.657 Executing VM operation: CollectForMetadataAllocation (Metadata GC Threshold)
Event: 28.696 Executing VM operation: CollectForMetadataAllocation (Metadata GC Threshold) done
Event: 28.802 Executing VM operation: HandshakeAllThreads (Deoptimize)
Event: 28.802 Executing VM operation: HandshakeAllThreads (Deoptimize) done
Event: 29.138 Executing VM operation: HandshakeAllThreads (Deoptimize)
Event: 29.138 Executing VM operation: HandshakeAllThreads (Deoptimize) done
Event: 29.359 Executing VM operation: HandshakeAllThreads (Deoptimize)
Event: 29.359 Executing VM operation: HandshakeAllThreads (Deoptimize) done
Event: 29.427 Executing VM operation: HandshakeAllThreads (Deoptimize)
Event: 29.427 Executing VM operation: HandshakeAllThreads (Deoptimize) done
Event: 30.434 Executing VM operation: Cleanup
Event: 30.434 Executing VM operation: Cleanup done
Event: 30.998 Executing VM operation: HandshakeAllThreads (Deoptimize)
Event: 30.998 Executing VM operation: HandshakeAllThreads (Deoptimize) done
Event: 31.999 Executing VM operation: Cleanup
Event: 31.999 Executing VM operation: Cleanup done
Event: 32.105 Executing VM operation: ParallelGCFailedAllocation (Allocation Failure)
Event: 32.107 Executing VM operation: ParallelGCFailedAllocation (Allocation Failure) done
Event: 33.117 Executing VM operation: Cleanup

Memory protections (0 events):
No events

Nmethod flushes (0 events):
No events

Events (20 events):
Event: 27.823 Thread 0x0000019be701ef70 Thread added: 0x0000019be24e2d30
Event: 28.145 Thread 0x0000019be287dc70 Thread exited: 0x0000019be287dc70
Event: 28.377 Thread 0x0000019bc9f6c4d0 Thread added: 0x0000019be7502100
Event: 28.640 Thread 0x0000019be701ef70 Thread added: 0x0000019be8f94530
Event: 28.857 Thread 0x0000019be8f94530 Thread exited: 0x0000019be8f94530
Event: 31.002 Thread 0x0000019be701ef70 Thread added: 0x0000019be8f96600
Event: 32.050 Thread 0x0000019be7502100 Thread exited: 0x0000019be7502100
Event: 32.083 Thread 0x0000019bc9f39ba0 Thread added: 0x0000019be74e35d0
Event: 32.125 Thread 0x0000019bc9fba530 Thread added: 0x0000019be8f93810
Event: 32.125 Thread 0x0000019bc9fba530 Thread added: 0x0000019be8f94bc0
Event: 32.125 Thread 0x0000019bc9fba530 Thread added: 0x0000019be8f95250
Event: 32.125 Thread 0x0000019bc9fba530 Thread added: 0x0000019be8f958e0
Event: 32.125 Thread 0x0000019bc9fba530 Thread added: 0x0000019be8f96c90
Event: 32.127 Thread 0x0000019bc9fba530 Thread added: 0x0000019be8f95f70
Event: 32.127 Thread 0x0000019bc9fba530 Thread added: 0x0000019be8f93ea0
Event: 32.128 Thread 0x0000019bc9fba530 Thread added: 0x0000019be8f94530
Event: 32.128 Thread 0x0000019bc9fba530 Thread added: 0x0000019be2920850
Event: 32.157 Thread 0x0000019bc9fba530 Thread added: 0x0000019be29201c0
Event: 32.312 Thread 0x0000019bc9fba530 Thread added: 0x0000019be291fb30
Event: 32.312 Thread 0x0000019bc9fba530 Thread added: 0x0000019be2920ee0


Dynamic libraries:
0x00007ff695740000 - 0x00007ff69574e000 	c:\Users\JABE\.vscode\extensions\redhat.java-1.47.0-win32-x64\jre\21.0.8-win32-x86_64\bin\java.exe
0x00007ffa3bc20000 - 0x00007ffa3be88000 	C:\WINDOWS\SYSTEM32\ntdll.dll
0x00007ffa3b020000 - 0x00007ffa3b0e9000 	C:\WINDOWS\System32\KERNEL32.DLL
0x00007ffa38d70000 - 0x00007ffa39168000 	C:\WINDOWS\System32\KERNELBASE.dll
0x00007ffa395e0000 - 0x00007ffa3972b000 	C:\WINDOWS\System32\ucrtbase.dll
0x00007ffa31760000 - 0x00007ffa31778000 	c:\Users\JABE\.vscode\extensions\redhat.java-1.47.0-win32-x64\jre\21.0.8-win32-x86_64\bin\jli.dll
0x00007ffa3a2c0000 - 0x00007ffa3a487000 	C:\WINDOWS\System32\USER32.dll
0x00007ffa39170000 - 0x00007ffa39197000 	C:\WINDOWS\System32\win32u.dll
0x00007ffa3b8d0000 - 0x00007ffa3b8fb000 	C:\WINDOWS\System32\GDI32.dll
0x00007ffa397e0000 - 0x00007ffa3990c000 	C:\WINDOWS\System32\gdi32full.dll
0x00007ffa39730000 - 0x00007ffa397d3000 	C:\WINDOWS\System32\msvcp_win.dll
0x00007ffa16ef0000 - 0x00007ffa17184000 	C:\WINDOWS\WinSxS\amd64_microsoft.windows.common-controls_6595b64144ccf1df_6.0.26100.7019_none_3e06ffa0e335b8a8\COMCTL32.dll
0x00007ffa3a700000 - 0x00007ffa3a7a9000 	C:\WINDOWS\System32\msvcrt.dll
0x00007ffa25d90000 - 0x00007ffa25dae000 	c:\Users\JABE\.vscode\extensions\redhat.java-1.47.0-win32-x64\jre\21.0.8-win32-x86_64\bin\VCRUNTIME140.dll
0x00007ffa3b340000 - 0x00007ffa3b371000 	C:\WINDOWS\System32\IMM32.DLL
0x00007ffa31930000 - 0x00007ffa3193c000 	c:\Users\JABE\.vscode\extensions\redhat.java-1.47.0-win32-x64\jre\21.0.8-win32-x86_64\bin\vcruntime140_1.dll
0x00007ff9b7bc0000 - 0x00007ff9b7c4d000 	c:\Users\JABE\.vscode\extensions\redhat.java-1.47.0-win32-x64\jre\21.0.8-win32-x86_64\bin\msvcp140.dll
0x00007ff965090000 - 0x00007ff965e27000 	c:\Users\JABE\.vscode\extensions\redhat.java-1.47.0-win32-x64\jre\21.0.8-win32-x86_64\bin\server\jvm.dll
0x00007ffa3b280000 - 0x00007ffa3b334000 	C:\WINDOWS\System32\ADVAPI32.dll
0x00007ffa39bb0000 - 0x00007ffa39c56000 	C:\WINDOWS\System32\sechost.dll
0x00007ffa3b900000 - 0x00007ffa3ba18000 	C:\WINDOWS\System32\RPCRT4.dll
0x00007ffa3a680000 - 0x00007ffa3a6f4000 	C:\WINDOWS\System32\WS2_32.dll
0x00007ffa38bf0000 - 0x00007ffa38c4e000 	C:\WINDOWS\SYSTEM32\POWRPROF.dll
0x00007ffa365e0000 - 0x00007ffa36615000 	C:\WINDOWS\SYSTEM32\WINMM.dll
0x00007ffa227d0000 - 0x00007ffa227db000 	C:\WINDOWS\SYSTEM32\VERSION.dll
0x00007ffa38bd0000 - 0x00007ffa38be4000 	C:\WINDOWS\SYSTEM32\UMPDC.dll
0x00007ffa37b30000 - 0x00007ffa37b4b000 	C:\WINDOWS\SYSTEM32\kernel.appcore.dll
0x00007ffa266e0000 - 0x00007ffa266ea000 	c:\Users\JABE\.vscode\extensions\redhat.java-1.47.0-win32-x64\jre\21.0.8-win32-x86_64\bin\jimage.dll
0x00007ffa36370000 - 0x00007ffa365b2000 	C:\WINDOWS\SYSTEM32\DBGHELP.DLL
0x00007ffa39c60000 - 0x00007ffa39feb000 	C:\WINDOWS\System32\combase.dll
0x00007ffa3a1e0000 - 0x00007ffa3a2b7000 	C:\WINDOWS\System32\OLEAUT32.dll
0x00007ffa174b0000 - 0x00007ffa174ec000 	C:\WINDOWS\SYSTEM32\dbgcore.DLL
0x00007ffa39910000 - 0x00007ffa399b5000 	C:\WINDOWS\System32\bcryptPrimitives.dll
0x00007ffa259d0000 - 0x00007ffa259df000 	c:\Users\JABE\.vscode\extensions\redhat.java-1.47.0-win32-x64\jre\21.0.8-win32-x86_64\bin\instrument.dll
0x00007ffa25220000 - 0x00007ffa2523f000 	c:\Users\JABE\.vscode\extensions\redhat.java-1.47.0-win32-x64\jre\21.0.8-win32-x86_64\bin\java.dll
0x00007ffa3a8b0000 - 0x00007ffa3afff000 	C:\WINDOWS\System32\SHELL32.dll
0x00007ffa39230000 - 0x00007ffa3939b000 	C:\WINDOWS\System32\wintypes.dll
0x00007ffa36990000 - 0x00007ffa371ed000 	C:\WINDOWS\SYSTEM32\windows.storage.dll
0x00007ffa3a7b0000 - 0x00007ffa3a8a2000 	C:\WINDOWS\System32\SHCORE.dll
0x00007ffa3baf0000 - 0x00007ffa3bb57000 	C:\WINDOWS\System32\shlwapi.dll
0x00007ffa38c90000 - 0x00007ffa38cb9000 	C:\WINDOWS\SYSTEM32\profapi.dll
0x00007ffa25170000 - 0x00007ffa25188000 	c:\Users\JABE\.vscode\extensions\redhat.java-1.47.0-win32-x64\jre\21.0.8-win32-x86_64\bin\zip.dll
0x00007ffa259c0000 - 0x00007ffa259d0000 	C:\Users\JABE\.vscode\extensions\redhat.java-1.47.0-win32-x64\jre\21.0.8-win32-x86_64\bin\net.dll
0x00007ffa30930000 - 0x00007ffa30a58000 	C:\WINDOWS\SYSTEM32\WINHTTP.dll
0x00007ffa380a0000 - 0x00007ffa3810b000 	C:\WINDOWS\system32\mswsock.dll
0x00007ffa24fa0000 - 0x00007ffa24fb6000 	C:\Users\JABE\.vscode\extensions\redhat.java-1.47.0-win32-x64\jre\21.0.8-win32-x86_64\bin\nio.dll
0x00007ffa25730000 - 0x00007ffa25740000 	c:\Users\JABE\.vscode\extensions\redhat.java-1.47.0-win32-x64\jre\21.0.8-win32-x86_64\bin\verify.dll
0x00007ff9d0fc0000 - 0x00007ff9d1004000 	C:\Users\JABE\AppData\Roaming\Code\User\globalStorage\redhat.java\1.47.0\config_ss_win\org.eclipse.equinox.launcher\org.eclipse.equinox.launcher.win32.win32.x86_64_1.2.1400.v20250801-0854\eclipse_11916.dll
0x00007ffa3a490000 - 0x00007ffa3a627000 	C:\WINDOWS\System32\ole32.dll
0x00007ffa38360000 - 0x00007ffa3837b000 	C:\WINDOWS\SYSTEM32\CRYPTSP.dll
0x00007ffa37a90000 - 0x00007ffa37aca000 	C:\WINDOWS\system32\rsaenh.dll
0x00007ffa38150000 - 0x00007ffa3817b000 	C:\WINDOWS\SYSTEM32\USERENV.dll
0x00007ffa38c60000 - 0x00007ffa38c8a000 	C:\WINDOWS\SYSTEM32\bcrypt.dll
0x00007ffa38380000 - 0x00007ffa3838c000 	C:\WINDOWS\SYSTEM32\CRYPTBASE.dll
0x00007ffa37670000 - 0x00007ffa376a4000 	C:\WINDOWS\SYSTEM32\IPHLPAPI.DLL
0x00007ffa3b010000 - 0x00007ffa3b01a000 	C:\WINDOWS\System32\NSI.dll
0x00007ff9d0e00000 - 0x00007ff9d0e49000 	C:\Users\JABE\AppData\Local\Temp\jna-2269114\jna6764402403426657596.dll
0x00007ffa39ba0000 - 0x00007ffa39ba8000 	C:\WINDOWS\System32\PSAPI.DLL
0x00007ffa32600000 - 0x00007ffa3261e000 	C:\WINDOWS\SYSTEM32\dhcpcsvc6.DLL
0x00007ffa32550000 - 0x00007ffa32573000 	C:\WINDOWS\SYSTEM32\dhcpcsvc.DLL

JVMTI agents:
c:\Users\JABE\.vscode\extensions\redhat.java-1.47.0-win32-x64\lombok\lombok-1.18.39-4050.jar path:c:\Users\JABE\.vscode\extensions\redhat.java-1.47.0-win32-x64\jre\21.0.8-win32-x86_64\bin\instrument.dll, loaded, initialized, instrumentlib options:none

dbghelp: loaded successfully - version: 4.0.5 - missing functions: none
symbol engine: initialized successfully - sym options: 0x614 - pdb path: .;c:\Users\JABE\.vscode\extensions\redhat.java-1.47.0-win32-x64\jre\21.0.8-win32-x86_64\bin;C:\WINDOWS\SYSTEM32;C:\WINDOWS\WinSxS\amd64_microsoft.windows.common-controls_6595b64144ccf1df_6.0.26100.7019_none_3e06ffa0e335b8a8;c:\Users\JABE\.vscode\extensions\redhat.java-1.47.0-win32-x64\jre\21.0.8-win32-x86_64\bin\server;C:\Users\JABE\AppData\Roaming\Code\User\globalStorage\redhat.java\1.47.0\config_ss_win\org.eclipse.equinox.launcher\org.eclipse.equinox.launcher.win32.win32.x86_64_1.2.1400.v20250801-0854;C:\Users\JABE\AppData\Local\Temp\jna-2269114

VM Arguments:
jvm_args: --add-modules=ALL-SYSTEM --add-opens=java.base/java.util=ALL-UNNAMED --add-opens=java.base/java.lang=ALL-UNNAMED --add-opens=java.base/sun.nio.fs=ALL-UNNAMED -Declipse.application=org.eclipse.jdt.ls.core.id1 -Dosgi.bundles.defaultStartLevel=4 -Declipse.product=org.eclipse.jdt.ls.core.product -Djava.import.generatesMetadataFilesAtProjectRoot=false -DDetectVMInstallationsJob.disabled=true -Dfile.encoding=utf8 -XX:+UseParallelGC -XX:GCTimeRatio=4 -XX:AdaptiveSizePolicyWeight=90 -Dsun.zip.disableMemoryMapping=true -Xmx2G -Xms100m -Xlog:disable -javaagent:c:\Users\JABE\.vscode\extensions\redhat.java-1.47.0-win32-x64\lombok\lombok-1.18.39-4050.jar 
java_command: c:\Users\JABE\.vscode\extensions\redhat.java-1.47.0-win32-x64\server\plugins\org.eclipse.equinox.launcher_1.7.100.v20251014-1222.jar -configuration c:\Users\JABE\AppData\Roaming\Code\User\globalStorage\redhat.java\1.47.0\config_ss_win -data c:\Users\JABE\AppData\Roaming\Code\User\workspaceStorage\4d6d6e7dc62ecfebf0a9fd2525d62637\redhat.java\ss_ws --pipe=\\.\pipe\lsp-f356c8cd9a9e780c31b7449be5acccba-sock
java_class_path (initial): c:\Users\JABE\.vscode\extensions\redhat.java-1.47.0-win32-x64\server\plugins\org.eclipse.equinox.launcher_1.7.100.v20251014-1222.jar
Launcher Type: SUN_STANDARD

[Global flags]
    uintx AdaptiveSizePolicyWeight                 = 90                                        {product} {command line}
     intx CICompilerCount                          = 4                                         {product} {ergonomic}
    uintx GCTimeRatio                              = 4                                         {product} {command line}
   size_t InitialHeapSize                          = 104857600                                 {product} {command line}
   size_t MaxHeapSize                              = 2147483648                                {product} {command line}
   size_t MaxNewSize                               = 715653120                                 {product} {ergonomic}
   size_t MinHeapDeltaBytes                        = 524288                                    {product} {ergonomic}
   size_t MinHeapSize                              = 104857600                                 {product} {command line}
   size_t NewSize                                  = 34603008                                  {product} {ergonomic}
    uintx NonNMethodCodeHeapSize                   = 5839372                                {pd product} {ergonomic}
    uintx NonProfiledCodeHeapSize                  = 122909434                              {pd product} {ergonomic}
   size_t OldSize                                  = 70254592                                  {product} {ergonomic}
    uintx ProfiledCodeHeapSize                     = 122909434                              {pd product} {ergonomic}
    uintx ReservedCodeCacheSize                    = 251658240                              {pd product} {ergonomic}
     bool SegmentedCodeCache                       = true                                      {product} {ergonomic}
   size_t SoftMaxHeapSize                          = 2147483648                             {manageable} {ergonomic}
     bool UseCompressedOops                        = true                           {product lp64_product} {ergonomic}
     bool UseLargePagesIndividualAllocation        = false                                  {pd product} {ergonomic}
     bool UseParallelGC                            = true                                      {product} {command line}

Logging:
Log output configuration:
 #0: stdout all=off uptime,level,tags foldmultilines=false
 #1: stderr all=off uptime,level,tags foldmultilines=false

Environment Variables:
JAVA_HOME=C:\Program Files\Microsoft\jdk-17.0.12.7-hotspot\
PATH=C:\Python313\Scripts\;C:\Python313\;C:\Program Files\Microsoft\jdk-17.0.12.7-hotspot\bin;C:\Python312\Scripts\;C:\Python312\;C:\Windows\system32;C:\Windows;C:\Windows\System32\Wbem;C:\Windows\System32\WindowsPowerShell\v1.0\;C:\Windows\System32\OpenSSH\;C:\Windows\system32\config\systemprofile\AppData\Local\Microsoft\WindowsApps;C:\windows\system32\HWAudioDriver\;C:\ProgramData\chocolatey\bin;C:\php\mongosh-2.3.1-win32-x64\bin;C:\Program Files\Git\cmd;C:\Program Files\MongoDB\Server\7.0\bin;C:\xampp\php;C:\xampp\mysql\bin;C:\WINDOWS\system32;C:\WINDOWS;C:\WINDOWS\System32\Wbem;C:\WINDOWS\System32\WindowsPowerShell\v1.0\;C:\WINDOWS\System32\OpenSSH\;C:\Program Files\nodejs\;C:\Users\JABE\AppData\Local\Microsoft\WindowsApps;C:\Users\JABE\AppData\Local\Programs\Microsoft VS Code\bin;C:\Users\JABE\AppData\Local\Android\Sdk\platform-tools;C:\Users\JABE\composer;C:\Users\JABE\AppData\Roaming\Composer\vendor\bin;C:\Users\JABE\AppData\Roaming\npm
USERNAME=JABE
OS=Windows_NT
PROCESSOR_IDENTIFIER=Intel64 Family 6 Model 154 Stepping 4, GenuineIntel
TMP=C:\Users\JABE\AppData\Local\Temp
TEMP=C:\Users\JABE\AppData\Local\Temp




Periodic native trim disabled

---------------  S Y S T E M  ---------------

OS:
 Windows 11 , 64 bit Build 26100 (10.0.26100.7019)
OS uptime: 1 days 9:05 hours
Hyper-V role detected

CPU: total 8 (initial active 8) (4 cores per cpu, 2 threads per core) family 6 model 154 stepping 4 microcode 0x424, cx8, cmov, fxsr, ht, mmx, 3dnowpref, sse, sse2, sse3, ssse3, sse4.1, sse4.2, popcnt, lzcnt, tsc, tscinvbit, avx, avx2, aes, erms, clmul, bmi1, bmi2, adx, sha, fma, vzeroupper, clflush, clflushopt, clwb, hv, serialize, rdtscp, rdpid, fsrm, f16c, cet_ibt, cet_ss
Processor Information for the first 8 processors :
  Max Mhz: 1200, Current Mhz: 1200, Mhz Limit: 1200

Memory: 4k page, system-wide physical 7916M (942M free)
TotalPageFile size 32492M (AvailPageFile size 1M)
current process WorkingSet (physical memory assigned to process): 147M, peak: 161M
current process commit charge ("private bytes"): 293M, peak: 308M

vm_info: OpenJDK 64-Bit Server VM (21.0.8+9-LTS) for windows-amd64 JRE (21.0.8+9-LTS), built on 2025-07-15T00:00:00Z by "admin" with MS VC++ 17.7 (VS2022)

END.
